# JRE version: OpenJDK Runtime Environment Temurin-17.0.8.1+1 (17.0.8.1+1) (build 17.0.8.1+1)
# Java VM: OpenJDK 64-Bit Server VM Temurin-17.0.8.1+1 (17.0.8.1+1, mixed mode, tiered, compressed oops, compressed class ptrs, g1 gc, windows-amd64)
GC Precious Log:
 CPUs: 16 total, 16 available
 Memory: 15612M
 Large Page Support: Disabled
 NUMA Support: Disabled
 Compressed Oops: Enabled (Zero based)
 Heap Region Size: 2M
 Heap Min Capacity: 8M
 Heap Initial Capacity: 244M
 Heap Max Capacity: 3904M
 Pre-touch: Disabled
 Parallel Workers: 13
 Concurrent Workers: 3
 Concurrent Refinement Workers: 13
 Periodic GC: Disabled
Heap:
 garbage-first heap   total 448512K, used 296885K [0x000000070c000000, 0x0000000800000000)
  region size 2048K, 45 young (92160K), 3 survivors (6144K)
 Metaspace       used 91562K, committed 92864K, reserved 1179648K
  class space    used 10231K, committed 10880K, reserved 1048576K
GC Heap History (20 events):
Event: 1427.785 GC heap before
{Heap before GC invocations=109 (full 0):
 garbage-first heap   total 448512K, used 396464K [0x000000070c000000, 0x0000000800000000)
  region size 2048K, 92 young (188416K), 1 survivors (2048K)
 Metaspace       used 91168K, committed 92480K, reserved 1179648K
  class space    used 10203K, committed 10880K, reserved 1048576K
}
Event: 1427.786 GC heap after
{Heap after GC invocations=110 (full 0):
 garbage-first heap   total 448512K, used 210084K [0x000000070c000000, 0x0000000800000000)
  region size 2048K, 1 young (2048K), 1 survivors (2048K)
 Metaspace       used 91168K, committed 92480K, reserved 1179648K
  class space    used 10203K, committed 10880K, reserved 1048576K
}
Event: 1428.238 GC heap before
{Heap before GC invocations=110 (full 0):
 garbage-first heap   total 448512K, used 398500K [0x000000070c000000, 0x0000000800000000)
  region size 2048K, 93 young (190464K), 1 survivors (2048K)
 Metaspace       used 91168K, committed 92480K, reserved 1179648K
  class space    used 10203K, committed 10880K, reserved 1048576K
}
Event: 1428.239 GC heap after
{Heap after GC invocations=111 (full 0):
 garbage-first heap   total 448512K, used 210109K [0x000000070c000000, 0x0000000800000000)
  region size 2048K, 1 young (2048K), 1 survivors (2048K)
 Metaspace       used 91168K, committed 92480K, reserved 1179648K
  class space    used 10203K, committed 10880K, reserved 1048576K
}
Event: 1428.774 GC heap before
{Heap before GC invocations=111 (full 0):
 garbage-first heap   total 448512K, used 398525K [0x000000070c000000, 0x0000000800000000)
  region size 2048K, 93 young (190464K), 1 survivors (2048K)
 Metaspace       used 91169K, committed 92480K, reserved 1179648K
  class space    used 10203K, committed 10880K, reserved 1048576K
}
Event: 1428.776 GC heap after
{Heap after GC invocations=112 (full 0):
 garbage-first heap   total 448512K, used 210118K [0x000000070c000000, 0x0000000800000000)
  region size 2048K, 1 young (2048K), 1 survivors (2048K)
 Metaspace       used 91169K, committed 92480K, reserved 1179648K
  class space    used 10203K, committed 10880K, reserved 1048576K
}
Event: 1429.315 GC heap before
{Heap before GC invocations=113 (full 0):
 garbage-first heap   total 448512K, used 398534K [0x000000070c000000, 0x0000000800000000)
  region size 2048K, 93 young (190464K), 1 survivors (2048K)
 Metaspace       used 91235K, committed 92544K, reserved 1179648K
  class space    used 10216K, committed 10880K, reserved 1048576K
}
Event: 1429.316 GC heap after
{Heap after GC invocations=114 (full 0):
 garbage-first heap   total 448512K, used 210136K [0x000000070c000000, 0x0000000800000000)
  region size 2048K, 1 young (2048K), 1 survivors (2048K)
 Metaspace       used 91235K, committed 92544K, reserved 1179648K
  class space    used 10216K, committed 10880K, reserved 1048576K
}
Event: 1429.349 GC heap before
{Heap before GC invocations=114 (full 0):
 garbage-first heap   total 448512K, used 228568K [0x000000070c000000, 0x0000000800000000)
  region size 2048K, 10 young (20480K), 1 survivors (2048K)
 Metaspace       used 91235K, committed 92544K, reserved 1179648K
  class space    used 10216K, committed 10880K, reserved 1048576K
}
Event: 1429.351 GC heap after
{Heap after GC invocations=115 (full 0):
 garbage-first heap   total 448512K, used 208041K [0x000000070c000000, 0x0000000800000000)
  region size 2048K, 1 young (2048K), 1 survivors (2048K)
 Metaspace       used 91235K, committed 92544K, reserved 1179648K
  class space    used 10216K, committed 10880K, reserved 1048576K
}
Event: 1429.909 GC heap before
{Heap before GC invocations=115 (full 0):
 garbage-first heap   total 448512K, used 398505K [0x000000070c000000, 0x0000000800000000)
  region size 2048K, 94 young (192512K), 1 survivors (2048K)
 Metaspace       used 91244K, committed 92544K, reserved 1179648K
  class space    used 10216K, committed 10880K, reserved 1048576K
}
Event: 1429.911 GC heap after
{Heap after GC invocations=116 (full 0):
 garbage-first heap   total 448512K, used 208042K [0x000000070c000000, 0x0000000800000000)
  region size 2048K, 1 young (2048K), 1 survivors (2048K)
 Metaspace       used 91244K, committed 92544K, reserved 1179648K
  class space    used 10216K, committed 10880K, reserved 1048576K
}
Event: 1430.408 GC heap before
{Heap before GC invocations=116 (full 0):
 garbage-first heap   total 448512K, used 398506K [0x000000070c000000, 0x0000000800000000)
  region size 2048K, 94 young (192512K), 1 survivors (2048K)
 Metaspace       used 91244K, committed 92544K, reserved 1179648K
  class space    used 10216K, committed 10880K, reserved 1048576K
}
Event: 1430.409 GC heap after
{Heap after GC invocations=117 (full 0):
 garbage-first heap   total 448512K, used 208042K [0x000000070c000000, 0x0000000800000000)
  region size 2048K, 1 young (2048K), 1 survivors (2048K)
 Metaspace       used 91244K, committed 92544K, reserved 1179648K
  class space    used 10216K, committed 10880K, reserved 1048576K
}
Event: 1430.995 GC heap before
{Heap before GC invocations=117 (full 0):
 garbage-first heap   total 448512K, used 398506K [0x000000070c000000, 0x0000000800000000)
  region size 2048K, 94 young (192512K), 1 survivors (2048K)
 Metaspace       used 91376K, committed 92672K, reserved 1179648K
  class space    used 10223K, committed 10880K, reserved 1048576K
}
Event: 1430.997 GC heap after
{Heap after GC invocations=118 (full 0):
 garbage-first heap   total 448512K, used 211242K [0x000000070c000000, 0x0000000800000000)
  region size 2048K, 2 young (4096K), 2 survivors (4096K)
 Metaspace       used 91376K, committed 92672K, reserved 1179648K
  class space    used 10223K, committed 10880K, reserved 1048576K
}
Event: 1431.658 GC heap before
{Heap before GC invocations=118 (full 0):
 garbage-first heap   total 448512K, used 395562K [0x000000070c000000, 0x0000000800000000)
  region size 2048K, 92 young (188416K), 2 survivors (4096K)
 Metaspace       used 91498K, committed 92800K, reserved 1179648K
  class space    used 10229K, committed 10880K, reserved 1048576K
}
Event: 1431.660 GC heap after
{Heap after GC invocations=119 (full 0):
 garbage-first heap   total 448512K, used 211827K [0x000000070c000000, 0x0000000800000000)
  region size 2048K, 2 young (4096K), 2 survivors (4096K)
 Metaspace       used 91498K, committed 92800K, reserved 1179648K
  class space    used 10229K, committed 10880K, reserved 1048576K
}
Event: 1431.957 GC heap before
{Heap before GC invocations=119 (full 0):
 garbage-first heap   total 448512K, used 394099K [0x000000070c000000, 0x0000000800000000)
  region size 2048K, 91 young (186368K), 2 survivors (4096K)
 Metaspace       used 91532K, committed 92800K, reserved 1179648K
  class space    used 10229K, committed 10880K, reserved 1048576K
}
Event: 1431.960 GC heap after
{Heap after GC invocations=120 (full 0):
 garbage-first heap   total 448512K, used 212917K [0x000000070c000000, 0x0000000800000000)
  region size 2048K, 3 young (6144K), 3 survivors (6144K)
 Metaspace       used 91532K, committed 92800K, reserved 1179648K
  class space    used 10229K, committed 10880K, reserved 1048576K
}

