# JRE version: OpenJDK Runtime Environment Temurin-17.0.8.1+1 (17.0.8.1+1) (build 17.0.8.1+1)
# Java VM: OpenJDK 64-Bit Server VM Temurin-17.0.8.1+1 (17.0.8.1+1, mixed mode, tiered, compressed oops, compressed class ptrs, g1 gc, windows-amd64)
GC Precious Log:
 CPUs: 16 total, 16 available
 Memory: 15612M
 Large Page Support: Disabled
 NUMA Support: Disabled
 Compressed Oops: Enabled (Zero based)
 Heap Region Size: 2M
 Heap Min Capacity: 8M
 Heap Initial Capacity: 244M
 Heap Max Capacity: 3904M
 Pre-touch: Disabled
 Parallel Workers: 13
 Concurrent Workers: 3
 Concurrent Refinement Workers: 13
 Periodic GC: Disabled
Heap:
 garbage-first heap   total 387072K, used 252653K [0x000000070c000000, 0x0000000800000000)
  region size 2048K, 30 young (61440K), 5 survivors (10240K)
 Metaspace       used 87452K, committed 88768K, reserved 1179648K
  class space    used 9773K, committed 10368K, reserved 1048576K
GC Heap History (20 events):
Event: 15.719 GC heap before
{Heap before GC invocations=40 (full 0):
 garbage-first heap   total 387072K, used 317579K [0x000000070c000000, 0x0000000800000000)
  region size 2048K, 101 young (206848K), 14 survivors (28672K)
 Metaspace       used 72744K, committed 73792K, reserved 1114112K
  class space    used 8142K, committed 8640K, reserved 1048576K
}
Event: 15.728 GC heap after
{Heap after GC invocations=41 (full 0):
 garbage-first heap   total 387072K, used 147636K [0x000000070c000000, 0x0000000800000000)
  region size 2048K, 3 young (6144K), 3 survivors (6144K)
 Metaspace       used 72744K, committed 73792K, reserved 1114112K
  class space    used 8142K, committed 8640K, reserved 1048576K
}
Event: 17.492 GC heap before
{Heap before GC invocations=41 (full 0):
 garbage-first heap   total 387072K, used 321716K [0x000000070c000000, 0x0000000800000000)
  region size 2048K, 89 young (182272K), 3 survivors (6144K)
 Metaspace       used 78925K, committed 80000K, reserved 1179648K
  class space    used 8939K, committed 9472K, reserved 1048576K
}
Event: 17.498 GC heap after
{Heap after GC invocations=42 (full 0):
 garbage-first heap   total 387072K, used 152668K [0x000000070c000000, 0x0000000800000000)
  region size 2048K, 6 young (12288K), 6 survivors (12288K)
 Metaspace       used 78925K, committed 80000K, reserved 1179648K
  class space    used 8939K, committed 9472K, reserved 1048576K
}
Event: 123.658 GC heap before
{Heap before GC invocations=42 (full 0):
 garbage-first heap   total 387072K, used 318556K [0x000000070c000000, 0x0000000800000000)
  region size 2048K, 88 young (180224K), 6 survivors (12288K)
 Metaspace       used 79800K, committed 80960K, reserved 1179648K
  class space    used 8969K, committed 9536K, reserved 1048576K
}
Event: 123.664 GC heap after
{Heap after GC invocations=43 (full 0):
 garbage-first heap   total 387072K, used 154645K [0x000000070c000000, 0x0000000800000000)
  region size 2048K, 7 young (14336K), 7 survivors (14336K)
 Metaspace       used 79800K, committed 80960K, reserved 1179648K
  class space    used 8969K, committed 9536K, reserved 1048576K
}
Event: 125.678 GC heap before
{Heap before GC invocations=43 (full 0):
 garbage-first heap   total 387072K, used 320533K [0x000000070c000000, 0x0000000800000000)
  region size 2048K, 89 young (182272K), 7 survivors (14336K)
 Metaspace       used 81552K, committed 82816K, reserved 1179648K
  class space    used 9143K, committed 9728K, reserved 1048576K
}
Event: 125.692 GC heap after
{Heap after GC invocations=44 (full 0):
 garbage-first heap   total 387072K, used 192726K [0x000000070c000000, 0x0000000800000000)
  region size 2048K, 12 young (24576K), 12 survivors (24576K)
 Metaspace       used 81552K, committed 82816K, reserved 1179648K
  class space    used 9143K, committed 9728K, reserved 1048576K
}
Event: 126.888 GC heap before
{Heap before GC invocations=44 (full 0):
 garbage-first heap   total 387072K, used 295126K [0x000000070c000000, 0x0000000800000000)
  region size 2048K, 62 young (126976K), 12 survivors (24576K)
 Metaspace       used 85968K, committed 87232K, reserved 1179648K
  class space    used 9666K, committed 10240K, reserved 1048576K
}
Event: 126.900 GC heap after
{Heap after GC invocations=45 (full 0):
 garbage-first heap   total 387072K, used 196270K [0x000000070c000000, 0x0000000800000000)
  region size 2048K, 3 young (6144K), 3 survivors (6144K)
 Metaspace       used 85968K, committed 87232K, reserved 1179648K
  class space    used 9666K, committed 10240K, reserved 1048576K
}
Event: 127.201 GC heap before
{Heap before GC invocations=45 (full 0):
 garbage-first heap   total 387072K, used 300718K [0x000000070c000000, 0x0000000800000000)
  region size 2048K, 54 young (110592K), 3 survivors (6144K)
 Metaspace       used 86169K, committed 87360K, reserved 1179648K
  class space    used 9682K, committed 10240K, reserved 1048576K
}
Event: 127.204 GC heap after
{Heap after GC invocations=46 (full 0):
 garbage-first heap   total 387072K, used 197384K [0x000000070c000000, 0x0000000800000000)
  region size 2048K, 3 young (6144K), 3 survivors (6144K)
 Metaspace       used 86169K, committed 87360K, reserved 1179648K
  class space    used 9682K, committed 10240K, reserved 1048576K
}
Event: 128.452 GC heap before
{Heap before GC invocations=47 (full 0):
 garbage-first heap   total 387072K, used 307976K [0x000000070c000000, 0x0000000800000000)
  region size 2048K, 57 young (116736K), 3 survivors (6144K)
 Metaspace       used 86271K, committed 87616K, reserved 1179648K
  class space    used 9690K, committed 10304K, reserved 1048576K
}
Event: 128.456 GC heap after
{Heap after GC invocations=48 (full 0):
 garbage-first heap   total 387072K, used 199067K [0x000000070c000000, 0x0000000800000000)
  region size 2048K, 4 young (8192K), 4 survivors (8192K)
 Metaspace       used 86271K, committed 87616K, reserved 1179648K
  class space    used 9690K, committed 10304K, reserved 1048576K
}
Event: 129.478 GC heap before
{Heap before GC invocations=48 (full 0):
 garbage-first heap   total 387072K, used 311707K [0x000000070c000000, 0x0000000800000000)
  region size 2048K, 60 young (122880K), 4 survivors (8192K)
 Metaspace       used 86543K, committed 87872K, reserved 1179648K
  class space    used 9715K, committed 10304K, reserved 1048576K
}
Event: 129.482 GC heap after
{Heap after GC invocations=49 (full 0):
 garbage-first heap   total 387072K, used 200562K [0x000000070c000000, 0x0000000800000000)
  region size 2048K, 5 young (10240K), 5 survivors (10240K)
 Metaspace       used 86543K, committed 87872K, reserved 1179648K
  class space    used 9715K, committed 10304K, reserved 1048576K
}
Event: 129.871 GC heap before
{Heap before GC invocations=50 (full 0):
 garbage-first heap   total 387072K, used 315250K [0x000000070c000000, 0x0000000800000000)
  region size 2048K, 62 young (126976K), 5 survivors (10240K)
 Metaspace       used 87058K, committed 88384K, reserved 1179648K
  class space    used 9753K, committed 10368K, reserved 1048576K
}
Event: 129.875 GC heap after
{Heap after GC invocations=51 (full 0):
 garbage-first heap   total 387072K, used 201573K [0x000000070c000000, 0x0000000800000000)
  region size 2048K, 4 young (8192K), 4 survivors (8192K)
 Metaspace       used 87058K, committed 88384K, reserved 1179648K
  class space    used 9753K, committed 10368K, reserved 1048576K
}
Event: 130.357 GC heap before
{Heap before GC invocations=51 (full 0):
 garbage-first heap   total 387072K, used 320357K [0x000000070c000000, 0x0000000800000000)
  region size 2048K, 63 young (129024K), 4 survivors (8192K)
 Metaspace       used 87187K, committed 88512K, reserved 1179648K
  class space    used 9756K, committed 10368K, reserved 1048576K
}
Event: 130.361 GC heap after
{Heap after GC invocations=52 (full 0):
 garbage-first heap   total 387072K, used 203501K [0x000000070c000000, 0x0000000800000000)
  region size 2048K, 5 young (10240K), 5 survivors (10240K)
 Metaspace       used 87187K, committed 88512K, reserved 1179648K
  class space    used 9756K, committed 10368K, reserved 1048576K
}

