<html>
<body>
<pre>
<h1>µVision Build Log</h1>
<h2>Tool Versions:</h2>
IDE-Version: ¦ÌVision V5.40.0.0
Copyright (C) 2024 ARM Ltd and ARM Germany GmbH. All rights reserved.
License Information: 123 2993482892@qq.com, 123, LIC=TIVNB-2EW6K-GKYBG-VS9MV-WQZ6K-TQ0BI
 
Tool Versions:
Toolchain:       MDK-ARM Plus  Version: 5.40.0.3
Toolchain Path:  D:\ProgrammingTool\MDK\Core\ARM\ARMCC\Bin
C Compiler:      Armcc.exe V5.05 update 1 (build 106)
Assembler:       Armasm.exe V5.05 update 1 (build 106)
Linker/Locator:  ArmLink.exe V5.05 update 1 (build 106)
Library Manager: ArmAr.exe V5.05 update 1 (build 106)
Hex Converter:   FromElf.exe V5.05 update 1 (build 106)
CPU DLL:         SARMCM3.DLL V5.40.0.3
Dialog DLL:      DCM.DLL V1.17.5.0
Target DLL:      STLink\ST-LINKIII-KEIL_SWO.dll V3.3.0.0
Dialog DLL:      TCM.DLL V1.56.4.0
 
<h2>Project:</h2>
D:\desktop\ICAT\MDK-ARM\L431Template.uvprojx
Project File Date:  11/24/2024

<h2>Output:</h2>
*** Using Compiler 'V5.05 update 1 (build 106)', folder: 'D:\ProgrammingTool\MDK\Core\ARM\ARMCC\Bin'
Build target 'L431Template'
compiling SHx.c...
SHx.h(15): error:  #20: identifier "etError" is undefined
  etError SHTC3_GetId(uint16_t *id);
SHx.h(26): error:  #20: identifier "etError" is undefined
  etError SHTC3_GetTempAndHumi(float *temp, float *humi);
SHx.h(43): error:  #20: identifier "etError" is undefined
  etError SHTC3_GetTempAndHumiPolling(float *temp, float *humi);
SHx.h(57): error:  #20: identifier "etError" is undefined
  etError SHTC3_Sleep(void);
SHx.h(58): error:  #20: identifier "etError" is undefined
  etError SHTC3_Wakeup(void);
SHx.h(61): error:  #20: identifier "etError" is undefined
  etError SHTC3_SoftReset(void);
SHx.h(70): warning:  #1-D: last line of file ends without a newline
  #endif
SHx.c(18): error:  #20: identifier "etCommands" is undefined
  static etError SHTC3_WriteCommand(etCommands cmd);
SHx.c(41): error:  #20: identifier "NO_ERROR" is undefined
    if(error == NO_ERROR) {
SHx.c(50): error:  #20: identifier "NO_ERROR" is undefined
    if(error == NO_ERROR) {
SHx.c(71): error:  #20: identifier "NO_ERROR" is undefined
    if(error == NO_ERROR) {
SHx.c(81): warning:  #223-D: function "DelayMicroSeconds" declared implicitly
        DelayMicroSeconds(1000);
SHx.c(94): error:  #20: identifier "NO_ERROR" is undefined
    if(error == NO_ERROR) {
SHx.c(112): error:  #20: identifier "NO_ERROR" is undefined
    if(error == NO_ERROR) {
SHx.c(126): error:  #20: identifier "NO_ERROR" is undefined
    if(error == NO_ERROR) {
SHx.c(139): error:  #20: identifier "NO_ERROR" is undefined
    if(error == NO_ERROR) {
SHx.c(145): warning:  #223-D: function "DelayMicroSeconds" declared implicitly
    DelayMicroSeconds(100); // wait 100 us
SHx.c(169): warning:  #223-D: function "I2c_StartCondition" declared implicitly
    I2c_StartCondition();
SHx.c(172): warning:  #223-D: function "I2c_WriteByte" declared implicitly
    error = I2c_WriteByte(_Address << 1);
SHx.c(172): warning:  #188-D: enumerated type mixed with another type
    error = I2c_WriteByte(_Address << 1);
SHx.c(182): warning:  #223-D: function "I2c_StartCondition" declared implicitly
    I2c_StartCondition();
SHx.c(185): warning:  #223-D: function "I2c_WriteByte" declared implicitly
    error = I2c_WriteByte((_Address << 1) | 0x01);
SHx.c(185): warning:  #188-D: enumerated type mixed with another type
    error = I2c_WriteByte((_Address << 1) | 0x01);
SHx.c(193): warning:  #223-D: function "I2c_StopCondition" declared implicitly
    I2c_StopCondition();
SHx.c(197): error:  #20: identifier "etCommands" is undefined
  static etError SHTC3_WriteCommand(etCommands cmd){
SHx.c(201): warning:  #223-D: function "I2c_WriteByte" declared implicitly
    error = I2c_WriteByte(cmd >> 8);
SHx.c(201): warning:  #188-D: enumerated type mixed with another type
    error = I2c_WriteByte(cmd >> 8);
SHx.c(216): warning:  #223-D: function "I2c_ReadByte" declared implicitly
    bytes[0] = I2c_ReadByte(ACK);
SHx.c(216): error:  #20: identifier "ACK" is undefined
    bytes[0] = I2c_ReadByte(ACK);
SHx.c(250): error:  #20: identifier "CHECKSUM_ERROR" is undefined
      return CHECKSUM_ERROR;
SHx.c(252): error:  #20: identifier "NO_ERROR" is undefined
      return NO_ERROR;
SHx.c: 13 warnings, 18 errors
"L431Template\L431Template.axf" - 18 Error(s), 13 Warning(s).

<h2>Software Packages used:</h2>

Package Vendor: ARM
                https://www.keil.com/pack/ARM.CMSIS.6.1.0.pack
                ARM::CMSIS@6.1.0
                CMSIS (Common Microcontroller Software Interface Standard)
   * Component: CORE Version: 6.1.0

Package Vendor: Keil
                http://www.keil.com/pack/Keil.STM32L4xx_DFP.2.0.0.pack
                Keil::STM32L4xx_DFP@2.0.0
                STMicroelectronics STM32L4 Series Device Support, Drivers and Examples

<h2>Collection of Component include folders:</h2>
  ./RTE/_L431Template
  D:/ProgrammingTool/MDK/Pack/ARM/CMSIS/6.1.0/CMSIS/Core/Include
  D:/ProgrammingTool/MDK/Pack/Keil/STM32L4xx_DFP/2.0.0/Drivers/CMSIS/Device/ST/STM32L4xx/Include

<h2>Collection of Component Files used:</h2>

   * Component: ARM::CMSIS:CORE@6.1.0
      Include file:  CMSIS/Core/Include/tz_context.h
Target not created.
Build Time Elapsed:  00:00:02
</pre>
</body>
</html>
